# JRE version: OpenJDK Runtime Environment (11.0.5+10) (build 11.0.5+10-post-Debian-1deb10u1)
# Java VM: OpenJDK 64-Bit Server VM (11.0.5+10-post-Debian-1deb10u1, mixed mode, sharing, tiered, compressed oops, g1 gc, linux-amd64)
Heap:
 garbage-first heap   total 329728K, used 113432K [0x0000000705600000, 0x0000000800000000)
  region size 1024K, 105 young (107520K), 23 survivors (23552K)
 Metaspace       used 66431K, capacity 68180K, committed 68472K, reserved 1107968K
  class space    used 8829K, capacity 9510K, committed 9600K, reserved 1048576K
GC Heap History (14 events):
Event: 0.422 GC heap before
{Heap before GC invocations=0 (full 0):
 garbage-first heap   total 260096K, used 25272K [0x0000000705600000, 0x0000000800000000)
  region size 1024K, 24 young (24576K), 0 survivors (0K)
 Metaspace       used 5278K, capacity 7075K, committed 7296K, reserved 1056768K
  class space    used 626K, capacity 835K, committed 896K, reserved 1048576K
}
Event: 0.430 GC heap after
{Heap after GC invocations=1 (full 0):
 garbage-first heap   total 260096K, used 7471K [0x0000000705600000, 0x0000000800000000)
  region size 1024K, 3 young (3072K), 3 survivors (3072K)
 Metaspace       used 5278K, capacity 7075K, committed 7296K, reserved 1056768K
  class space    used 626K, capacity 835K, committed 896K, reserved 1048576K
}
Event: 0.616 GC heap before
{Heap before GC invocations=1 (full 0):
 garbage-first heap   total 260096K, used 39215K [0x0000000705600000, 0x0000000800000000)
  region size 1024K, 34 young (34816K), 3 survivors (3072K)
 Metaspace       used 10930K, capacity 11612K, committed 11904K, reserved 1058816K
  class space    used 1466K, capacity 1610K, committed 1664K, reserved 1048576K
}
Event: 0.626 GC heap after
{Heap after GC invocations=2 (full 0):
 garbage-first heap   total 260096K, used 8959K [0x0000000705600000, 0x0000000800000000)
  region size 1024K, 2 young (2048K), 2 survivors (2048K)
 Metaspace       used 10930K, capacity 11612K, committed 11904K, reserved 1058816K
  class space    used 1466K, capacity 1610K, committed 1664K, reserved 1048576K
}
Event: 0.951 GC heap before
{Heap before GC invocations=2 (full 0):
 garbage-first heap   total 260096K, used 55039K [0x0000000705600000, 0x0000000800000000)
  region size 1024K, 47 young (48128K), 2 survivors (2048K)
 Metaspace       used 17664K, capacity 18203K, committed 18432K, reserved 1064960K
  class space    used 2270K, capacity 2465K, committed 2560K, reserved 1048576K
}
Event: 0.956 GC heap after
{Heap after GC invocations=3 (full 0):
 garbage-first heap   total 260096K, used 10650K [0x0000000705600000, 0x0000000800000000)
  region size 1024K, 4 young (4096K), 4 survivors (4096K)
 Metaspace       used 17664K, capacity 18203K, committed 18432K, reserved 1064960K
  class space    used 2270K, capacity 2465K, committed 2560K, reserved 1048576K
}
Event: 1.094 GC heap before
{Heap before GC invocations=3 (full 0):
 garbage-first heap   total 260096K, used 98714K [0x0000000705600000, 0x0000000800000000)
  region size 1024K, 91 young (93184K), 4 survivors (4096K)
 Metaspace       used 18640K, capacity 19223K, committed 19584K, reserved 1067008K
  class space    used 2350K, capacity 2570K, committed 2688K, reserved 1048576K
}
Event: 1.097 GC heap after
{Heap after GC invocations=4 (full 0):
 garbage-first heap   total 260096K, used 11578K [0x0000000705600000, 0x0000000800000000)
  region size 1024K, 4 young (4096K), 4 survivors (4096K)
 Metaspace       used 18640K, capacity 19223K, committed 19584K, reserved 1067008K
  class space    used 2350K, capacity 2570K, committed 2688K, reserved 1048576K
}
Event: 1.282 GC heap before
{Heap before GC invocations=4 (full 0):
 garbage-first heap   total 260096K, used 40250K [0x0000000705600000, 0x0000000800000000)
  region size 1024K, 33 young (33792K), 4 survivors (4096K)
 Metaspace       used 20371K, capacity 21002K, committed 21248K, reserved 1067008K
  class space    used 2563K, capacity 2793K, committed 2816K, reserved 1048576K
}
Event: 1.291 GC heap after
{Heap after GC invocations=5 (full 0):
 garbage-first heap   total 329728K, used 12960K [0x0000000705600000, 0x0000000800000000)
  region size 1024K, 6 young (6144K), 6 survivors (6144K)
 Metaspace       used 20371K, capacity 21002K, committed 21248K, reserved 1067008K
  class space    used 2563K, capacity 2793K, committed 2816K, reserved 1048576K
}
Event: 2.398 GC heap before
{Heap before GC invocations=6 (full 0):
 garbage-first heap   total 329728K, used 150176K [0x0000000705600000, 0x0000000800000000)
  region size 1024K, 142 young (145408K), 6 survivors (6144K)
 Metaspace       used 34231K, capacity 35363K, committed 35584K, reserved 1079296K
  class space    used 4425K, capacity 4851K, committed 4864K, reserved 1048576K
}
Event: 2.416 GC heap after
{Heap after GC invocations=7 (full 0):
 garbage-first heap   total 329728K, used 18764K [0x0000000705600000, 0x0000000800000000)
  region size 1024K, 11 young (11264K), 11 survivors (11264K)
 Metaspace       used 34231K, capacity 35363K, committed 35584K, reserved 1079296K
  class space    used 4425K, capacity 4851K, committed 4864K, reserved 1048576K
}
Event: 4.043 GC heap before
{Heap before GC invocations=8 (full 0):
 garbage-first heap   total 329728K, used 166220K [0x0000000705600000, 0x0000000800000000)
  region size 1024K, 156 young (159744K), 11 survivors (11264K)
 Metaspace       used 58234K, capacity 59692K, committed 59896K, reserved 1101824K
  class space    used 7749K, capacity 8334K, committed 8448K, reserved 1048576K
}
Event: 4.067 GC heap after
{Heap after GC invocations=9 (full 0):
 garbage-first heap   total 329728K, used 30488K [0x0000000705600000, 0x0000000800000000)
  region size 1024K, 23 young (23552K), 23 survivors (23552K)
 Metaspace       used 58234K, capacity 59692K, committed 59896K, reserved 1101824K
  class space    used 7749K, capacity 8334K, committed 8448K, reserved 1048576K
}

